<?xml version="1.0" encoding="UTF-8"?>
<!-- Generated by org.testng.reporters.JUnitReportReporter -->
<testsuite hostname="LAPTOP-T5O0A45Q" failures="0" tests="1" name="stepDefinations.TestRunnerLog" time="7.664" errors="0" timestamp="2024-12-29T16:50:55 IST" skipped="0">
  <testcase classname="stepDefinations.TestRunnerLog" name="runScenario" time="7.664"/>
</testsuite> <!-- stepDefinations.TestRunnerLog -->
